#-----------------------------------------------------------
# Vivado v2019.2 (64-bit)
# SW Build 2708876 on Wed Nov  6 21:40:23 MST 2019
# IP Build 2700528 on Thu Nov  7 00:09:20 MST 2019
# Start of session at: Sun Apr  5 11:01:29 2020
# Process ID: 3988
# Current directory: C:/vga_demo
# Command line: vivado.exe -gui_launcher_event rodinguilauncherevent8516 C:\vga_demo\vga_demo.xpr
# Log file: C:/vga_demo/vivado.log
# Journal file: C:/vga_demo\vivado.jou
#-----------------------------------------------------------
start_gui
open_project C:/vga_demo/vga_demo.xpr
INFO: [Project 1-313] Project file moved from 'C:/project/vga_demo' since last save.
Scanning sources...
Finished scanning sources
INFO: [IP_Flow 19-234] Refreshing IP repositories
INFO: [IP_Flow 19-1704] No user IP repositories specified
INFO: [IP_Flow 19-2313] Loaded Vivado IP repository 'C:/Xilinx/Vivado/2019.2/data/ip'.
open_project: Time (s): cpu = 00:00:14 ; elapsed = 00:00:11 . Memory (MB): peak = 728.414 ; gain = 135.988
update_compile_order -fileset sources_1
reset_run synth_1
launch_runs impl_1 -to_step write_bitstream
[Sun Apr  5 11:02:52 2020] Launched synth_1...
Run output will be captured here: C:/vga_demo/vga_demo.runs/synth_1/runme.log
[Sun Apr  5 11:02:52 2020] Launched impl_1...
Run output will be captured here: C:/vga_demo/vga_demo.runs/impl_1/runme.log
