Copyright 1986-2019 Xilinx, Inc. All Rights Reserved.
-----------------------------------------------------------------------------------------------------------------------------------------------------------
| Tool Version : Vivado v.2019.2 (win64) Build 2708876 Wed Nov  6 21:40:23 MST 2019
| Date         : Sun Apr  5 11:05:52 2020
| Host         : GDESK-104 running 64-bit major release  (build 9200)
| Command      : report_methodology -file vga_top_methodology_drc_routed.rpt -pb vga_top_methodology_drc_routed.pb -rpx vga_top_methodology_drc_routed.rpx
| Design       : vga_top
| Device       : xc7a100tcsg324-1
| Speed File   : -1
| Design State : Fully Routed
-----------------------------------------------------------------------------------------------------------------------------------------------------------

Report Methodology

Table of Contents
-----------------
1. REPORT SUMMARY
2. REPORT DETAILS

1. REPORT SUMMARY
-----------------
            Netlist: netlist
          Floorplan: design_1
      Design limits: <entire design considered>
             Max violations: <unlimited>
             Violations found: 46
+-----------+------------------+-------------------------------+------------+
| Rule      | Severity         | Description                   | Violations |
+-----------+------------------+-------------------------------+------------+
| TIMING-17 | Critical Warning | Non-clocked sequential cell   | 22         |
| TIMING-18 | Warning          | Missing input or output delay | 24         |
+-----------+------------------+-------------------------------+------------+

2. REPORT DETAILS
-----------------
TIMING-17#1 Critical Warning
Non-clocked sequential cell  
The clock pin dc/bright_reg/C is not reached by a timing clock
Related violations: <none>

TIMING-17#2 Critical Warning
Non-clocked sequential cell  
The clock pin dc/clk25_reg/C is not reached by a timing clock
Related violations: <none>

TIMING-17#3 Critical Warning
Non-clocked sequential cell  
The clock pin dc/hCount_reg[0]/C is not reached by a timing clock
Related violations: <none>

TIMING-17#4 Critical Warning
Non-clocked sequential cell  
The clock pin dc/hCount_reg[1]/C is not reached by a timing clock
Related violations: <none>

TIMING-17#5 Critical Warning
Non-clocked sequential cell  
The clock pin dc/hCount_reg[2]/C is not reached by a timing clock
Related violations: <none>

TIMING-17#6 Critical Warning
Non-clocked sequential cell  
The clock pin dc/hCount_reg[3]/C is not reached by a timing clock
Related violations: <none>

TIMING-17#7 Critical Warning
Non-clocked sequential cell  
The clock pin dc/hCount_reg[4]/C is not reached by a timing clock
Related violations: <none>

TIMING-17#8 Critical Warning
Non-clocked sequential cell  
The clock pin dc/hCount_reg[5]/C is not reached by a timing clock
Related violations: <none>

TIMING-17#9 Critical Warning
Non-clocked sequential cell  
The clock pin dc/hCount_reg[6]/C is not reached by a timing clock
Related violations: <none>

TIMING-17#10 Critical Warning
Non-clocked sequential cell  
The clock pin dc/hCount_reg[7]/C is not reached by a timing clock
Related violations: <none>

TIMING-17#11 Critical Warning
Non-clocked sequential cell  
The clock pin dc/hCount_reg[8]/C is not reached by a timing clock
Related violations: <none>

TIMING-17#12 Critical Warning
Non-clocked sequential cell  
The clock pin dc/hCount_reg[9]/C is not reached by a timing clock
Related violations: <none>

TIMING-17#13 Critical Warning
Non-clocked sequential cell  
The clock pin dc/vCount_reg[0]/C is not reached by a timing clock
Related violations: <none>

TIMING-17#14 Critical Warning
Non-clocked sequential cell  
The clock pin dc/vCount_reg[1]/C is not reached by a timing clock
Related violations: <none>

TIMING-17#15 Critical Warning
Non-clocked sequential cell  
The clock pin dc/vCount_reg[2]/C is not reached by a timing clock
Related violations: <none>

TIMING-17#16 Critical Warning
Non-clocked sequential cell  
The clock pin dc/vCount_reg[3]/C is not reached by a timing clock
Related violations: <none>

TIMING-17#17 Critical Warning
Non-clocked sequential cell  
The clock pin dc/vCount_reg[4]/C is not reached by a timing clock
Related violations: <none>

TIMING-17#18 Critical Warning
Non-clocked sequential cell  
The clock pin dc/vCount_reg[5]/C is not reached by a timing clock
Related violations: <none>

TIMING-17#19 Critical Warning
Non-clocked sequential cell  
The clock pin dc/vCount_reg[6]/C is not reached by a timing clock
Related violations: <none>

TIMING-17#20 Critical Warning
Non-clocked sequential cell  
The clock pin dc/vCount_reg[7]/C is not reached by a timing clock
Related violations: <none>

TIMING-17#21 Critical Warning
Non-clocked sequential cell  
The clock pin dc/vCount_reg[8]/C is not reached by a timing clock
Related violations: <none>

TIMING-17#22 Critical Warning
Non-clocked sequential cell  
The clock pin dc/vCount_reg[9]/C is not reached by a timing clock
Related violations: <none>

TIMING-18#1 Warning
Missing input or output delay  
An input delay is missing on BtnU relative to clock(s) ClkPort
Related violations: <none>

TIMING-18#2 Warning
Missing input or output delay  
An output delay is missing on An0 relative to clock(s) ClkPort
Related violations: <none>

TIMING-18#3 Warning
Missing input or output delay  
An output delay is missing on An1 relative to clock(s) ClkPort
Related violations: <none>

TIMING-18#4 Warning
Missing input or output delay  
An output delay is missing on An2 relative to clock(s) ClkPort
Related violations: <none>

TIMING-18#5 Warning
Missing input or output delay  
An output delay is missing on An3 relative to clock(s) ClkPort
Related violations: <none>

TIMING-18#6 Warning
Missing input or output delay  
An output delay is missing on Ca relative to clock(s) ClkPort
Related violations: <none>

TIMING-18#7 Warning
Missing input or output delay  
An output delay is missing on Cb relative to clock(s) ClkPort
Related violations: <none>

TIMING-18#8 Warning
Missing input or output delay  
An output delay is missing on Cc relative to clock(s) ClkPort
Related violations: <none>

TIMING-18#9 Warning
Missing input or output delay  
An output delay is missing on Cd relative to clock(s) ClkPort
Related violations: <none>

TIMING-18#10 Warning
Missing input or output delay  
An output delay is missing on Ce relative to clock(s) ClkPort
Related violations: <none>

TIMING-18#11 Warning
Missing input or output delay  
An output delay is missing on Cf relative to clock(s) ClkPort
Related violations: <none>

TIMING-18#12 Warning
Missing input or output delay  
An output delay is missing on Cg relative to clock(s) ClkPort
Related violations: <none>

TIMING-18#13 Warning
Missing input or output delay  
An output delay is missing on vgaB[0] relative to clock(s) ClkPort
Related violations: <none>

TIMING-18#14 Warning
Missing input or output delay  
An output delay is missing on vgaB[1] relative to clock(s) ClkPort
Related violations: <none>

TIMING-18#15 Warning
Missing input or output delay  
An output delay is missing on vgaB[2] relative to clock(s) ClkPort
Related violations: <none>

TIMING-18#16 Warning
Missing input or output delay  
An output delay is missing on vgaB[3] relative to clock(s) ClkPort
Related violations: <none>

TIMING-18#17 Warning
Missing input or output delay  
An output delay is missing on vgaG[0] relative to clock(s) ClkPort
Related violations: <none>

TIMING-18#18 Warning
Missing input or output delay  
An output delay is missing on vgaG[1] relative to clock(s) ClkPort
Related violations: <none>

TIMING-18#19 Warning
Missing input or output delay  
An output delay is missing on vgaG[2] relative to clock(s) ClkPort
Related violations: <none>

TIMING-18#20 Warning
Missing input or output delay  
An output delay is missing on vgaG[3] relative to clock(s) ClkPort
Related violations: <none>

TIMING-18#21 Warning
Missing input or output delay  
An output delay is missing on vgaR[0] relative to clock(s) ClkPort
Related violations: <none>

TIMING-18#22 Warning
Missing input or output delay  
An output delay is missing on vgaR[1] relative to clock(s) ClkPort
Related violations: <none>

TIMING-18#23 Warning
Missing input or output delay  
An output delay is missing on vgaR[2] relative to clock(s) ClkPort
Related violations: <none>

TIMING-18#24 Warning
Missing input or output delay  
An output delay is missing on vgaR[3] relative to clock(s) ClkPort
Related violations: <none>


