Copyright 1986-2019 Xilinx, Inc. All Rights Reserved.
------------------------------------------------------------------------------------
| Tool Version : Vivado v.2019.2 (win64) Build 2708876 Wed Nov  6 21:40:23 MST 2019
| Date         : Tue Oct 20 00:03:01 2020
| Host         : DESKTOP-JS3JO0N running 64-bit major release  (build 9200)
| Command      : report_control_sets -verbose -file vga_top_control_sets_placed.rpt
| Design       : vga_top
| Device       : xc7a100t
------------------------------------------------------------------------------------

Control Set Information

Table of Contents
-----------------
1. Summary
2. Histogram
3. Flip-Flop Distribution
4. Detailed Control Set Information

1. Summary
----------

+----------------------------------------------------------+-------+
|                          Status                          | Count |
+----------------------------------------------------------+-------+
| Total control sets                                       |    11 |
|    Minimum number of control sets                        |    11 |
|    Addition due to synthesis replication                 |     0 |
|    Addition due to physical synthesis replication        |     0 |
| Unused register locations in slices containing registers |    72 |
+----------------------------------------------------------+-------+
* Control sets can be merged at opt_design using control_set_merge or merge_equivalent_drivers
** Run report_qor_suggestions for automated merging and remapping suggestions


2. Histogram
------------

+--------------------+-------+
|       Fanout       | Count |
+--------------------+-------+
| Total control sets |    11 |
| >= 0 to < 4        |     6 |
| >= 4 to < 6        |     0 |
| >= 6 to < 8        |     0 |
| >= 8 to < 10       |     3 |
| >= 10 to < 12      |     1 |
| >= 12 to < 14      |     0 |
| >= 14 to < 16      |     0 |
| >= 16              |     1 |
+--------------------+-------+
* Control sets can be remapped at either synth_design or opt_design


3. Flip-Flop Distribution
-------------------------

+--------------+-----------------------+------------------------+-----------------+--------------+
| Clock Enable | Synchronous Set/Reset | Asynchronous Set/Reset | Total Registers | Total Slices |
+--------------+-----------------------+------------------------+-----------------+--------------+
| No           | No                    | No                     |               3 |            3 |
| No           | No                    | Yes                    |              22 |            7 |
| No           | Yes                   | No                     |              10 |            4 |
| Yes          | No                    | No                     |               1 |            1 |
| Yes          | No                    | Yes                    |              19 |           12 |
| Yes          | Yes                   | No                     |               9 |            5 |
+--------------+-----------------------+------------------------+-----------------+--------------+


4. Detailed Control Set Information
-----------------------------------

+--------------------+---------------------------+----------------------+------------------+----------------+
|    Clock Signal    |       Enable Signal       |   Set/Reset Signal   | Slice Load Count | Bel Load Count |
+--------------------+---------------------------+----------------------+------------------+----------------+
|  dc/pulse          |                           |                      |                1 |              1 |
|  dc/clk            |                           |                      |                1 |              1 |
|  dc/clk            | dc/hCount[9]_i_1_n_0      |                      |                1 |              1 |
|  ClkPort_IBUF_BUFG |                           |                      |                1 |              1 |
|  move_clk          | sc/background[11]_i_1_n_0 | BtnC_IBUF            |                1 |              1 |
|  move_clk          |                           | BtnC_IBUF            |                2 |              2 |
|  dc/clk            | dc/hCount[9]_i_1_n_0      | dc/vCount[9]_i_1_n_0 |                5 |              9 |
|  move_clk          | sc/xpos[9]_i_1_n_0        | BtnC_IBUF            |                6 |              9 |
|  move_clk          | sc/ypos[9]_i_1_n_0        | BtnC_IBUF            |                5 |              9 |
|  dc/clk            |                           | dc/hCount[9]_i_1_n_0 |                4 |             10 |
|  ClkPort_IBUF_BUFG |                           | BtnC_IBUF            |                5 |             20 |
+--------------------+---------------------------+----------------------+------------------+----------------+


